<?xml version="1.0" encoding="UTF-8"?>
<testng-results ignored="0" total="4" passed="4" failed="0" skipped="0">
  <reporter-output>
  </reporter-output>
  <suite started-at="2024-12-06T12:57:27 IST" name="Default suite" finished-at="2024-12-06T12:57:41 IST" duration-ms="14110">
    <groups>
      <group name="cucumber">
        <method signature="AbstractTestNGCucumberTests.runScenario(io.cucumber.testng.PickleWrapper,io.cucumber.testng.FeatureWrapper)[pri:0, instance:ApplicationRunner.MainRunner@7ee55e70]" name="runScenario" class="io.cucumber.testng.AbstractTestNGCucumberTests"/>
      </group> <!-- cucumber -->
    </groups>
    <test started-at="2024-12-06T12:57:27 IST" name="Default test" finished-at="2024-12-06T12:57:41 IST" duration-ms="14110">
      <class name="ApplicationRunner.MainRunner">
        <test-method is-config="true" signature="setUpClass(org.testng.ITestContext)[pri:0, instance:ApplicationRunner.MainRunner@7ee55e70]" started-at="2024-12-06T12:57:27 IST" name="setUpClass" finished-at="2024-12-06T12:57:28 IST" duration-ms="512" status="PASS">
          <params>
            <param index="0">
              <value>
                <![CDATA[org.testng.TestRunner@5b3a8bea]]>
              </value>
            </param>
          </params>
          <reporter-output>
          </reporter-output>
        </test-method> <!-- setUpClass -->
        <test-method signature="runScenario(io.cucumber.testng.PickleWrapper,io.cucumber.testng.FeatureWrapper)[pri:0, instance:ApplicationRunner.MainRunner@7ee55e70]" started-at="2024-12-06T12:57:28 IST" name="runScenario" description="Runs Cucumber Scenarios" data-provider="scenarios" finished-at="2024-12-06T12:57:36 IST" duration-ms="8526" status="PASS">
          <params>
            <param index="0">
              <value>
                <![CDATA["verify if create playlist is working"]]>
              </value>
            </param>
            <param index="1">
              <value>
                <![CDATA["Validate Playlist API"]]>
              </value>
            </param>
          </params>
          <reporter-output>
          </reporter-output>
        </test-method> <!-- runScenario -->
        <test-method signature="runScenario(io.cucumber.testng.PickleWrapper,io.cucumber.testng.FeatureWrapper)[pri:0, instance:ApplicationRunner.MainRunner@7ee55e70]" started-at="2024-12-06T12:57:36 IST" name="runScenario" description="Runs Cucumber Scenarios" data-provider="scenarios" finished-at="2024-12-06T12:57:39 IST" duration-ms="2211" status="PASS">
          <params>
            <param index="0">
              <value>
                <![CDATA["verify if fetch playlist functionality is working"]]>
              </value>
            </param>
            <param index="1">
              <value>
                <![CDATA["Validate Playlist API"]]>
              </value>
            </param>
          </params>
          <reporter-output>
          </reporter-output>
        </test-method> <!-- runScenario -->
        <test-method signature="runScenario(io.cucumber.testng.PickleWrapper,io.cucumber.testng.FeatureWrapper)[pri:0, instance:ApplicationRunner.MainRunner@7ee55e70]" started-at="2024-12-06T12:57:39 IST" name="runScenario" description="Runs Cucumber Scenarios" data-provider="scenarios" finished-at="2024-12-06T12:57:40 IST" duration-ms="921" status="PASS">
          <params>
            <param index="0">
              <value>
                <![CDATA["verify if update playlist functionality is working"]]>
              </value>
            </param>
            <param index="1">
              <value>
                <![CDATA["Validate Playlist API"]]>
              </value>
            </param>
          </params>
          <reporter-output>
          </reporter-output>
        </test-method> <!-- runScenario -->
        <test-method signature="runScenario(io.cucumber.testng.PickleWrapper,io.cucumber.testng.FeatureWrapper)[pri:0, instance:ApplicationRunner.MainRunner@7ee55e70]" started-at="2024-12-06T12:57:40 IST" name="runScenario" description="Runs Cucumber Scenarios" data-provider="scenarios" finished-at="2024-12-06T12:57:41 IST" duration-ms="1768" status="PASS">
          <params>
            <param index="0">
              <value>
                <![CDATA["Test Search API With Valid Data"]]>
              </value>
            </param>
            <param index="1">
              <value>
                <![CDATA["Verify Search Functinality"]]>
              </value>
            </param>
          </params>
          <reporter-output>
          </reporter-output>
        </test-method> <!-- runScenario -->
        <test-method is-config="true" signature="tearDownClass()[pri:0, instance:ApplicationRunner.MainRunner@7ee55e70]" started-at="2024-12-06T12:57:41 IST" name="tearDownClass" finished-at="2024-12-06T12:57:41 IST" duration-ms="5" status="PASS">
          <reporter-output>
          </reporter-output>
        </test-method> <!-- tearDownClass -->
      </class> <!-- ApplicationRunner.MainRunner -->
    </test> <!-- Default test -->
  </suite> <!-- Default suite -->
</testng-results>
